<?xml version="1.0" encoding="UTF-8"?>
<coverage generated="1611210103673" clover="3.2.0">
  <project timestamp="1611210103674" name="All files">
    <metrics statements="14" coveredstatements="6" conditionals="0" coveredconditionals="0" methods="9" coveredmethods="0" elements="23" coveredelements="6" complexity="0" loc="14" ncloc="14" packages="1" files="1" classes="1"/>
    <file name="API.js" path="/home/armatura/learn/vue/vue-intro-2/src/utils/API.js">
      <metrics statements="14" coveredstatements="6" conditionals="0" coveredconditionals="0" methods="9" coveredmethods="0"/>
      <line num="3" count="1" type="stmt"/>
      <line num="4" count="1" type="stmt"/>
      <line num="5" count="1" type="stmt"/>
      <line num="14" count="1" type="stmt"/>
      <line num="15" count="0" type="stmt"/>
      <line num="16" count="0" type="stmt"/>
      <line num="19" count="1" type="stmt"/>
      <line num="20" count="0" type="stmt"/>
      <line num="21" count="0" type="stmt"/>
      <line num="23" count="0" type="stmt"/>
      <line num="26" count="1" type="stmt"/>
      <line num="27" count="0" type="stmt"/>
      <line num="28" count="0" type="stmt"/>
      <line num="30" count="0" type="stmt"/>
    </file>
  </project>
</coverage>
