TN:
SF:/home/armatura/learn/vue/vue-intro-2/src/components/NoteItem.vue
FN:44,(anonymous_1)
FN:54,(anonymous_2)
FN:58,(anonymous_3)
FN:68,(anonymous_4)
FNF:4
FNH:2
FNDA:4,(anonymous_1)
FNDA:1,(anonymous_2)
FNDA:0,(anonymous_3)
FNDA:0,(anonymous_4)
DA:29,1
DA:30,1
DA:31,1
DA:45,4
DA:55,1
DA:56,1
DA:59,0
DA:60,0
DA:62,0
DA:68,0
DA:72,0
DA:73,0
DA:80,0
DA:82,0
DA:83,0
LF:15
LH:6
BRDA:59,0,0,0
BRDA:59,0,1,0
BRDA:59,1,0,0
BRDA:59,1,1,0
BRDA:68,2,0,0
BRDA:68,2,1,0
BRDA:72,3,0,0
BRDA:72,3,1,0
BRF:8
BRH:0
end_of_record
TN:
SF:/home/armatura/learn/vue/vue-intro-2/src/global/eventBus.js
FNF:0
FNH:0
DA:4,1
LF:1
LH:1
BRF:0
BRH:0
end_of_record
TN:
SF:/home/armatura/learn/vue/vue-intro-2/src/plugins/vuetify.js
FNF:0
FNH:0
DA:4,1
LF:1
LH:1
BRF:0
BRH:0
end_of_record
