TN:
SF:/home/armatura/learn/vue/vue-intro-2/src/components/ErrorWindow.vue
FN:17,(anonymous_1)
FN:26,(anonymous_2)
FN:27,(anonymous_3)
FN:30,(anonymous_4)
FNF:4
FNH:4
FNDA:3,(anonymous_1)
FNDA:3,(anonymous_2)
FNDA:3,(anonymous_3)
FNDA:3,(anonymous_4)
DA:13,1
DA:14,1
DA:18,3
DA:27,3
DA:28,3
DA:29,3
DA:30,3
DA:31,3
LF:8
LH:8
BRF:0
BRH:0
end_of_record
TN:
SF:/home/armatura/learn/vue/vue-intro-2/src/global/eventBus.js
FNF:0
FNH:0
DA:4,1
LF:1
LH:1
BRF:0
BRH:0
end_of_record
TN:
SF:/home/armatura/learn/vue/vue-intro-2/src/plugins/vuetify.js
FNF:0
FNH:0
DA:4,1
LF:1
LH:1
BRF:0
BRH:0
end_of_record
